<?xml version="1.0" encoding="UTF-8"?>
<!-- Generated by org.testng.reporters.JUnitXMLReporter -->
<testsuite hostname="DESKTOP-SUICRJO" ignored="0" name="Test Via Package" tests="6" failures="0" timestamp="09 Nov 2018 06:58:13 GMT" time="0.046" errors="0">
  <testcase name="RunningFile" time="0.004" classname="testngfiles.Annot2"/>
  <testcase name="RunningFile" time="0.002" classname="testng.frameworktestng2.Annot2"/>
  <testcase name="RunningFile2" time="0.002" classname="testng.frameworktestng2.Annot2"/>
  <testcase name="A_PrintName" time="0.002" classname="testngfiles.Anotation"/>
  <testcase name="B_BrowserOpen" time="0.002" classname="testngfiles.Anotation"/>
  <testcase name="C_Booking" time="0.002" classname="testngfiles.Anotation"/>
</testsuite> <!-- Test Via Package -->
