<?xml version="1.0" encoding="UTF-8"?>
<!-- Generated by org.testng.reporters.JUnitXMLReporter -->
<testsuite hostname="DESKTOP-SUICRJO" ignored="0" name="Default test" tests="4" failures="0" timestamp="09 Nov 2018 06:22:14 GMT" time="0.059" errors="0">
  <testcase name="RunningFile" time="0.005" classname="testngfiles.Annot2"/>
  <testcase name="A_PrintName" time="0.004" classname="testngfiles.Anotation"/>
  <testcase name="B_BrowserOpen" time="0.007" classname="testngfiles.Anotation"/>
  <testcase name="C_Booking" time="0.003" classname="testngfiles.Anotation"/>
</testsuite> <!-- Default test -->
