<?xml version="1.0" encoding="UTF-8"?>
<!-- Generated by org.testng.reporters.JUnitXMLReporter -->
<testsuite hostname="DESKTOP-SUICRJO" ignored="0" name="Smoke test" tests="4" failures="0" timestamp="09 Nov 2018 05:31:14 GMT" time="0.035" errors="0">
  <testcase name="A_PrintName" time="0.004" classname="testngfiles.Anotation"/>
  <testcase name="B_BrowserOpen" time="0.002" classname="testngfiles.Anotation"/>
  <testcase name="C_Booking" time="0.001" classname="testngfiles.Anotation"/>
  <testcase name="RunningFile" time="0.002" classname="testngfiles.Annot2"/>
</testsuite> <!-- Smoke test -->
